2026-01-19 19:54:22.205548: 
[ALERT] High Sensitivity (80/100)
File: C:\Users\Zadid\AppData\Local\Microsoft\Edge\User Data\Default\IndexedDB\https_www.youtube.com_0.indexeddb.leveldb\003270.log
Reason: Suspicious HTTP POST request with a long and complex body. The request includes various headers and data that could be indicative of malicious activity.

2026-01-19 19:54:22.707512: 
[ALERT] High Sensitivity (80/100)
File: C:\Users\Zadid\AppData\Local\Microsoft\Edge\User Data\Default\IndexedDB\https_www.youtube.com_0.indexeddb.leveldb\003270.log
Reason: Unusual HTTP request with suspicious parameters and headers

2026-01-19 19:58:24.223473: 
[ALERT] High Sensitivity (90/100)
File: C:\Users\Zadid\AppData\Local\Microsoft\Edge\User Data\Default\IndexedDB\https_www.youtube.com_0.indexeddb.leveldb\003270.log
Reason: Highly structured log data with potential security information

2026-01-19 19:58:25.166314: 
[ALERT] High Sensitivity (85/100)
File: C:\Users\Zadid\AppData\Local\Microsoft\Edge\User Data\Default\IndexedDB\https_www.youtube.com_0.indexeddb.leveldb\003270.log
Reason: Contains suspicious HTTP request headers and POST data, which may indicate a potential security threat. The presence of serialized increment batches also raises concerns about malicious activity.

2026-01-19 20:02:07.180584: 
[ALERT] High Sensitivity (80/100)
File: C:\Users\Zadid\AppData\Local\Microsoft\Edge\User Data\Default\IndexedDB\https_www.youtube.com_0.indexeddb.leveldb\003270.log
Reason: Unusual network traffic and potential data transfer

2026-01-19 20:04:12.561939: 
[ALERT] High Sensitivity (90/100)
File: C:\Users\Zadid\AppData\Local\Packages\ULICTekInc.NitroSenseforNotebook_nt9dgb7efx6bt\LocalCache\Roaming\acernitrosense\IndexedDB\https_localhost_15150.indexeddb.leveldb\000106.log
Reason: The file contains a large amount of log data, including timestamps and agent information, which suggests a high level of activity and potential security concerns.

